e:\github\project-game\src\client\sfgui-0.2.3\bin\sfgui.dir\debug\vc120.pdb
e:\github\project-game\src\client\sfgui-0.2.3\bin\sfgui.dir\debug\grammartoken.obj
e:\github\project-game\src\client\sfgui-0.2.3\bin\sfgui.dir\debug\grammarstatement.obj
e:\github\project-game\src\client\sfgui-0.2.3\bin\sfgui.dir\debug\grammarsimpleselector.obj
e:\github\project-game\src\client\sfgui-0.2.3\bin\sfgui.dir\debug\grammarselector.obj
e:\github\project-game\src\client\sfgui-0.2.3\bin\sfgui.dir\debug\grammarpredicates.obj
e:\github\project-game\src\client\sfgui-0.2.3\bin\sfgui.dir\debug\grammar.obj
e:\github\project-game\src\client\sfgui-0.2.3\bin\sfgui.dir\debug\object.obj
e:\github\project-game\src\client\sfgui-0.2.3\bin\sfgui.dir\debug\misc.obj
e:\github\project-game\src\client\sfgui-0.2.3\bin\sfgui.dir\debug\fixed.obj
e:\github\project-game\src\client\sfgui-0.2.3\bin\sfgui.dir\debug\fileresourceloader.obj
e:\github\project-game\src\client\sfgui-0.2.3\bin\sfgui.dir\debug\brew.obj
e:\github\project-game\src\client\sfgui-0.2.3\bin\sfgui.dir\debug\engine.obj
e:\github\project-game\src\client\sfgui-0.2.3\bin\sfgui.dir\debug\desktop.obj
e:\github\project-game\src\client\sfgui-0.2.3\bin\sfgui.dir\debug\context.obj
e:\github\project-game\src\client\sfgui-0.2.3\bin\sfgui.dir\debug\container.obj
e:\github\project-game\src\client\sfgui-0.2.3\bin\sfgui.dir\debug\canvas.obj
e:\github\project-game\src\client\sfgui-0.2.3\bin\sfgui.dir\debug\box.obj
e:\github\project-game\src\client\sfgui-0.2.3\bin\sfgui.dir\debug\bin.obj
e:\github\project-game\src\client\sfgui-0.2.3\bin\sfgui.dir\debug\alignment.obj
e:\github\project-game\src\client\sfgui-0.2.3\bin\sfgui.dir\debug\adjustment.obj
e:\github\project-game\src\client\sfgui-0.2.3\bin\sfgui.dir\debug\dejavusansfont.obj
e:\github\project-game\src\client\sfgui-0.2.3\bin\sfgui.dir\debug\widget.obj
e:\github\project-game\src\client\sfgui-0.2.3\bin\sfgui.dir\debug\viewport.obj
e:\github\project-game\src\client\sfgui-0.2.3\bin\sfgui.dir\debug\tableoptions.obj
e:\github\project-game\src\client\sfgui-0.2.3\bin\sfgui.dir\debug\tablecell.obj
e:\github\project-game\src\client\sfgui-0.2.3\bin\sfgui.dir\debug\table.obj
e:\github\project-game\src\client\sfgui-0.2.3\bin\sfgui.dir\debug\signal.obj
e:\github\project-game\src\client\sfgui-0.2.3\bin\sfgui.dir\debug\selector.obj
e:\github\project-game\src\client\sfgui-0.2.3\bin\sfgui.dir\debug\sfgui.obj
e:\github\project-game\src\client\sfgui-0.2.3\bin\sfgui.dir\debug\resourcemanager.obj
e:\github\project-game\src\client\sfgui-0.2.3\bin\sfgui.dir\debug\resourceloader.obj
e:\github\project-game\src\client\sfgui-0.2.3\bin\sfgui.dir\debug\vertexbufferrenderer.obj
e:\github\project-game\src\client\sfgui-0.2.3\bin\sfgui.dir\debug\vertexarrayrenderer.obj
e:\github\project-game\src\client\sfgui-0.2.3\bin\sfgui.dir\debug\rendererviewport.obj
e:\github\project-game\src\client\sfgui-0.2.3\bin\sfgui.dir\debug\renderer.obj
e:\github\project-game\src\client\sfgui-0.2.3\bin\sfgui.dir\debug\renderqueue.obj
e:\github\project-game\src\client\sfgui-0.2.3\bin\sfgui.dir\debug\range.obj
e:\github\project-game\src\client\sfgui-0.2.3\bin\sfgui.dir\debug\radiobutton.obj
e:\github\project-game\src\client\sfgui-0.2.3\bin\sfgui.dir\debug\primitive.obj
e:\github\project-game\src\client\sfgui-0.2.3\bin\sfgui.dir\debug\parse.obj
e:\github\project-game\src\client\sfgui-0.2.3\bin\sfgui.dir\debug\src\sfgui\button.cpp.obj
e:\github\project-game\src\client\sfgui-0.2.3\bin\sfgui.dir\debug\src\sfgui\checkbutton.cpp.obj
e:\github\project-game\src\client\sfgui-0.2.3\bin\sfgui.dir\debug\src\sfgui\combobox.cpp.obj
e:\github\project-game\src\client\sfgui-0.2.3\bin\sfgui.dir\debug\src\sfgui\engines\brew\button.cpp.obj
e:\github\project-game\src\client\sfgui-0.2.3\bin\sfgui.dir\debug\src\sfgui\engines\brew\checkbutton.cpp.obj
e:\github\project-game\src\client\sfgui-0.2.3\bin\sfgui.dir\debug\src\sfgui\engines\brew\combobox.cpp.obj
e:\github\project-game\src\client\sfgui-0.2.3\bin\sfgui.dir\debug\src\sfgui\engines\brew\entry.cpp.obj
e:\github\project-game\src\client\sfgui-0.2.3\bin\sfgui.dir\debug\src\sfgui\engines\brew\frame.cpp.obj
e:\github\project-game\src\client\sfgui-0.2.3\bin\sfgui.dir\debug\src\sfgui\engines\brew\image.cpp.obj
e:\github\project-game\src\client\sfgui-0.2.3\bin\sfgui.dir\debug\src\sfgui\engines\brew\label.cpp.obj
e:\github\project-game\src\client\sfgui-0.2.3\bin\sfgui.dir\debug\src\sfgui\engines\brew\notebook.cpp.obj
e:\github\project-game\src\client\sfgui-0.2.3\bin\sfgui.dir\debug\src\sfgui\engines\brew\progressbar.cpp.obj
e:\github\project-game\src\client\sfgui-0.2.3\bin\sfgui.dir\debug\src\sfgui\engines\brew\scale.cpp.obj
e:\github\project-game\src\client\sfgui-0.2.3\bin\sfgui.dir\debug\src\sfgui\engines\brew\scrollbar.cpp.obj
e:\github\project-game\src\client\sfgui-0.2.3\bin\sfgui.dir\debug\src\sfgui\engines\brew\scrolledwindow.cpp.obj
e:\github\project-game\src\client\sfgui-0.2.3\bin\sfgui.dir\debug\src\sfgui\engines\brew\separator.cpp.obj
e:\github\project-game\src\client\sfgui-0.2.3\bin\sfgui.dir\debug\src\sfgui\engines\brew\spinbutton.cpp.obj
e:\github\project-game\src\client\sfgui-0.2.3\bin\sfgui.dir\debug\src\sfgui\engines\brew\spinner.cpp.obj
e:\github\project-game\src\client\sfgui-0.2.3\bin\sfgui.dir\debug\src\sfgui\engines\brew\togglebutton.cpp.obj
e:\github\project-game\src\client\sfgui-0.2.3\bin\sfgui.dir\debug\src\sfgui\engines\brew\window.cpp.obj
e:\github\project-game\src\client\sfgui-0.2.3\bin\sfgui.dir\debug\src\sfgui\entry.cpp.obj
e:\github\project-game\src\client\sfgui-0.2.3\bin\sfgui.dir\debug\src\sfgui\frame.cpp.obj
e:\github\project-game\src\client\sfgui-0.2.3\bin\sfgui.dir\debug\src\sfgui\image.cpp.obj
e:\github\project-game\src\client\sfgui-0.2.3\bin\sfgui.dir\debug\src\sfgui\label.cpp.obj
e:\github\project-game\src\client\sfgui-0.2.3\bin\sfgui.dir\debug\src\sfgui\notebook.cpp.obj
e:\github\project-game\src\client\sfgui-0.2.3\bin\sfgui.dir\debug\src\sfgui\progressbar.cpp.obj
e:\github\project-game\src\client\sfgui-0.2.3\bin\sfgui.dir\debug\src\sfgui\scale.cpp.obj
e:\github\project-game\src\client\sfgui-0.2.3\bin\sfgui.dir\debug\src\sfgui\scrollbar.cpp.obj
e:\github\project-game\src\client\sfgui-0.2.3\bin\sfgui.dir\debug\src\sfgui\scrolledwindow.cpp.obj
e:\github\project-game\src\client\sfgui-0.2.3\bin\sfgui.dir\debug\src\sfgui\separator.cpp.obj
e:\github\project-game\src\client\sfgui-0.2.3\bin\sfgui.dir\debug\src\sfgui\spinbutton.cpp.obj
e:\github\project-game\src\client\sfgui-0.2.3\bin\sfgui.dir\debug\src\sfgui\spinner.cpp.obj
e:\github\project-game\src\client\sfgui-0.2.3\bin\sfgui.dir\debug\src\sfgui\togglebutton.cpp.obj
e:\github\project-game\src\client\sfgui-0.2.3\bin\sfgui.dir\debug\src\sfgui\window.cpp.obj
e:\github\project-game\src\client\sfgui-0.2.3\bin\cmakefiles\generate.stamp
e:\github\project-game\src\client\sfgui-0.2.3\bin\debug\sfgui-s-d.lib
e:\github\project-game\src\client\sfgui-0.2.3\bin\sfgui.dir\debug\sfgui.tlog\cl.command.1.tlog
e:\github\project-game\src\client\sfgui-0.2.3\bin\sfgui.dir\debug\sfgui.tlog\cl.read.1.tlog
e:\github\project-game\src\client\sfgui-0.2.3\bin\sfgui.dir\debug\sfgui.tlog\cl.write.1.tlog
e:\github\project-game\src\client\sfgui-0.2.3\bin\sfgui.dir\debug\sfgui.tlog\custombuild.command.1.tlog
e:\github\project-game\src\client\sfgui-0.2.3\bin\sfgui.dir\debug\sfgui.tlog\custombuild.read.1.tlog
e:\github\project-game\src\client\sfgui-0.2.3\bin\sfgui.dir\debug\sfgui.tlog\custombuild.write.1.tlog
e:\github\project-game\src\client\sfgui-0.2.3\bin\sfgui.dir\debug\sfgui.tlog\lib-link.read.1.tlog
e:\github\project-game\src\client\sfgui-0.2.3\bin\sfgui.dir\debug\sfgui.tlog\lib-link.write.1.tlog
e:\github\project-game\src\client\sfgui-0.2.3\bin\sfgui.dir\debug\sfgui.tlog\lib.command.1.tlog
