e:\github\project-game\src\client\sfgui-0.2.3\bin\sfgui.dir\release\grammartoken.obj
e:\github\project-game\src\client\sfgui-0.2.3\bin\sfgui.dir\release\grammarstatement.obj
e:\github\project-game\src\client\sfgui-0.2.3\bin\sfgui.dir\release\grammarsimpleselector.obj
e:\github\project-game\src\client\sfgui-0.2.3\bin\sfgui.dir\release\grammarselector.obj
e:\github\project-game\src\client\sfgui-0.2.3\bin\sfgui.dir\release\grammarpredicates.obj
e:\github\project-game\src\client\sfgui-0.2.3\bin\sfgui.dir\release\grammar.obj
e:\github\project-game\src\client\sfgui-0.2.3\bin\sfgui.dir\release\object.obj
e:\github\project-game\src\client\sfgui-0.2.3\bin\sfgui.dir\release\misc.obj
e:\github\project-game\src\client\sfgui-0.2.3\bin\sfgui.dir\release\fixed.obj
e:\github\project-game\src\client\sfgui-0.2.3\bin\sfgui.dir\release\fileresourceloader.obj
e:\github\project-game\src\client\sfgui-0.2.3\bin\sfgui.dir\release\brew.obj
e:\github\project-game\src\client\sfgui-0.2.3\bin\sfgui.dir\release\engine.obj
e:\github\project-game\src\client\sfgui-0.2.3\bin\sfgui.dir\release\desktop.obj
e:\github\project-game\src\client\sfgui-0.2.3\bin\sfgui.dir\release\context.obj
e:\github\project-game\src\client\sfgui-0.2.3\bin\sfgui.dir\release\container.obj
e:\github\project-game\src\client\sfgui-0.2.3\bin\sfgui.dir\release\canvas.obj
e:\github\project-game\src\client\sfgui-0.2.3\bin\sfgui.dir\release\box.obj
e:\github\project-game\src\client\sfgui-0.2.3\bin\sfgui.dir\release\bin.obj
e:\github\project-game\src\client\sfgui-0.2.3\bin\sfgui.dir\release\alignment.obj
e:\github\project-game\src\client\sfgui-0.2.3\bin\sfgui.dir\release\adjustment.obj
e:\github\project-game\src\client\sfgui-0.2.3\bin\sfgui.dir\release\dejavusansfont.obj
e:\github\project-game\src\client\sfgui-0.2.3\bin\sfgui.dir\release\widget.obj
e:\github\project-game\src\client\sfgui-0.2.3\bin\sfgui.dir\release\viewport.obj
e:\github\project-game\src\client\sfgui-0.2.3\bin\sfgui.dir\release\tableoptions.obj
e:\github\project-game\src\client\sfgui-0.2.3\bin\sfgui.dir\release\tablecell.obj
e:\github\project-game\src\client\sfgui-0.2.3\bin\sfgui.dir\release\table.obj
e:\github\project-game\src\client\sfgui-0.2.3\bin\sfgui.dir\release\signal.obj
e:\github\project-game\src\client\sfgui-0.2.3\bin\sfgui.dir\release\selector.obj
e:\github\project-game\src\client\sfgui-0.2.3\bin\sfgui.dir\release\sfgui.obj
e:\github\project-game\src\client\sfgui-0.2.3\bin\sfgui.dir\release\resourcemanager.obj
e:\github\project-game\src\client\sfgui-0.2.3\bin\sfgui.dir\release\resourceloader.obj
e:\github\project-game\src\client\sfgui-0.2.3\bin\sfgui.dir\release\vertexbufferrenderer.obj
e:\github\project-game\src\client\sfgui-0.2.3\bin\sfgui.dir\release\vertexarrayrenderer.obj
e:\github\project-game\src\client\sfgui-0.2.3\bin\sfgui.dir\release\rendererviewport.obj
e:\github\project-game\src\client\sfgui-0.2.3\bin\sfgui.dir\release\renderer.obj
e:\github\project-game\src\client\sfgui-0.2.3\bin\sfgui.dir\release\renderqueue.obj
e:\github\project-game\src\client\sfgui-0.2.3\bin\sfgui.dir\release\range.obj
e:\github\project-game\src\client\sfgui-0.2.3\bin\sfgui.dir\release\radiobutton.obj
e:\github\project-game\src\client\sfgui-0.2.3\bin\sfgui.dir\release\primitive.obj
e:\github\project-game\src\client\sfgui-0.2.3\bin\sfgui.dir\release\parse.obj
e:\github\project-game\src\client\sfgui-0.2.3\bin\sfgui.dir\release\src\sfgui\button.cpp.obj
e:\github\project-game\src\client\sfgui-0.2.3\bin\sfgui.dir\release\src\sfgui\checkbutton.cpp.obj
e:\github\project-game\src\client\sfgui-0.2.3\bin\sfgui.dir\release\src\sfgui\combobox.cpp.obj
e:\github\project-game\src\client\sfgui-0.2.3\bin\sfgui.dir\release\src\sfgui\engines\brew\button.cpp.obj
e:\github\project-game\src\client\sfgui-0.2.3\bin\sfgui.dir\release\src\sfgui\engines\brew\checkbutton.cpp.obj
e:\github\project-game\src\client\sfgui-0.2.3\bin\sfgui.dir\release\src\sfgui\engines\brew\combobox.cpp.obj
e:\github\project-game\src\client\sfgui-0.2.3\bin\sfgui.dir\release\src\sfgui\engines\brew\entry.cpp.obj
e:\github\project-game\src\client\sfgui-0.2.3\bin\sfgui.dir\release\src\sfgui\engines\brew\frame.cpp.obj
e:\github\project-game\src\client\sfgui-0.2.3\bin\sfgui.dir\release\src\sfgui\engines\brew\image.cpp.obj
e:\github\project-game\src\client\sfgui-0.2.3\bin\sfgui.dir\release\src\sfgui\engines\brew\label.cpp.obj
e:\github\project-game\src\client\sfgui-0.2.3\bin\sfgui.dir\release\src\sfgui\engines\brew\notebook.cpp.obj
e:\github\project-game\src\client\sfgui-0.2.3\bin\sfgui.dir\release\src\sfgui\engines\brew\progressbar.cpp.obj
e:\github\project-game\src\client\sfgui-0.2.3\bin\sfgui.dir\release\src\sfgui\engines\brew\scale.cpp.obj
e:\github\project-game\src\client\sfgui-0.2.3\bin\sfgui.dir\release\src\sfgui\engines\brew\scrollbar.cpp.obj
e:\github\project-game\src\client\sfgui-0.2.3\bin\sfgui.dir\release\src\sfgui\engines\brew\scrolledwindow.cpp.obj
e:\github\project-game\src\client\sfgui-0.2.3\bin\sfgui.dir\release\src\sfgui\engines\brew\separator.cpp.obj
e:\github\project-game\src\client\sfgui-0.2.3\bin\sfgui.dir\release\src\sfgui\engines\brew\spinbutton.cpp.obj
e:\github\project-game\src\client\sfgui-0.2.3\bin\sfgui.dir\release\src\sfgui\engines\brew\spinner.cpp.obj
e:\github\project-game\src\client\sfgui-0.2.3\bin\sfgui.dir\release\src\sfgui\engines\brew\togglebutton.cpp.obj
e:\github\project-game\src\client\sfgui-0.2.3\bin\sfgui.dir\release\src\sfgui\engines\brew\window.cpp.obj
e:\github\project-game\src\client\sfgui-0.2.3\bin\sfgui.dir\release\src\sfgui\entry.cpp.obj
e:\github\project-game\src\client\sfgui-0.2.3\bin\sfgui.dir\release\src\sfgui\frame.cpp.obj
e:\github\project-game\src\client\sfgui-0.2.3\bin\sfgui.dir\release\src\sfgui\image.cpp.obj
e:\github\project-game\src\client\sfgui-0.2.3\bin\sfgui.dir\release\src\sfgui\label.cpp.obj
e:\github\project-game\src\client\sfgui-0.2.3\bin\sfgui.dir\release\src\sfgui\notebook.cpp.obj
e:\github\project-game\src\client\sfgui-0.2.3\bin\sfgui.dir\release\src\sfgui\progressbar.cpp.obj
e:\github\project-game\src\client\sfgui-0.2.3\bin\sfgui.dir\release\src\sfgui\scale.cpp.obj
e:\github\project-game\src\client\sfgui-0.2.3\bin\sfgui.dir\release\src\sfgui\scrollbar.cpp.obj
e:\github\project-game\src\client\sfgui-0.2.3\bin\sfgui.dir\release\src\sfgui\scrolledwindow.cpp.obj
e:\github\project-game\src\client\sfgui-0.2.3\bin\sfgui.dir\release\src\sfgui\separator.cpp.obj
e:\github\project-game\src\client\sfgui-0.2.3\bin\sfgui.dir\release\src\sfgui\spinbutton.cpp.obj
e:\github\project-game\src\client\sfgui-0.2.3\bin\sfgui.dir\release\src\sfgui\spinner.cpp.obj
e:\github\project-game\src\client\sfgui-0.2.3\bin\sfgui.dir\release\src\sfgui\togglebutton.cpp.obj
e:\github\project-game\src\client\sfgui-0.2.3\bin\sfgui.dir\release\src\sfgui\window.cpp.obj
e:\github\project-game\src\client\sfgui-0.2.3\bin\cmakefiles\generate.stamp
e:\github\project-game\src\client\sfgui-0.2.3\bin\release\sfgui-s.lib
e:\github\project-game\src\client\sfgui-0.2.3\bin\sfgui.dir\release\sfgui.tlog\cl.command.1.tlog
e:\github\project-game\src\client\sfgui-0.2.3\bin\sfgui.dir\release\sfgui.tlog\cl.read.1.tlog
e:\github\project-game\src\client\sfgui-0.2.3\bin\sfgui.dir\release\sfgui.tlog\cl.write.1.tlog
e:\github\project-game\src\client\sfgui-0.2.3\bin\sfgui.dir\release\sfgui.tlog\custombuild.command.1.tlog
e:\github\project-game\src\client\sfgui-0.2.3\bin\sfgui.dir\release\sfgui.tlog\custombuild.read.1.tlog
e:\github\project-game\src\client\sfgui-0.2.3\bin\sfgui.dir\release\sfgui.tlog\custombuild.write.1.tlog
e:\github\project-game\src\client\sfgui-0.2.3\bin\sfgui.dir\release\sfgui.tlog\lib-link.read.1.tlog
e:\github\project-game\src\client\sfgui-0.2.3\bin\sfgui.dir\release\sfgui.tlog\lib-link.write.1.tlog
e:\github\project-game\src\client\sfgui-0.2.3\bin\sfgui.dir\release\sfgui.tlog\lib.command.1.tlog
