Build started 13/05/2014 11:14:10.
     1>Project "E:\Github\project-game\src\client\SFGUI-0.2.3\bin\examples\Image.vcxproj" on node 4 (Rebuild target(s)).
     1>CustomBuild:
         Building Custom Rule E:/Github/project-game/src/client/SFGUI-0.2.3/examples/CMakeLists.txt
         CMake does not need to re-run because E:\Github\project-game\src\client\SFGUI-0.2.3\bin\examples\CMakeFiles\generate.stamp is up-to-date.
       ClCompile:
         C:\Program Files (x86)\Microsoft Visual Studio 12.0\VC\bin\CL.exe /c /I"E:\Github\project-game\src\client\SFGUI-0.2.3\include" /I"E:\SFML-master\include" /IE:\cpp_game\cpp_game\include /I"E:\Github\project-game\src\client\SFGUI-0.2.3\extlibs\libELL\include" /nologo /W3 /WX- /O2 /Ob2 /Oy- /D WIN32 /D _WINDOWS /D NDEBUG /D GLEW_STATIC /D SFGUI_INCLUDE_FONT /D WIN32 /D "CMAKE_INTDIR=\"Release\"" /D _MBCS /Gm- /EHsc /MD /GS /fp:precise /Zc:wchar_t /Zc:forScope /GR /Fo"Image.dir\Release\\" /Fd"Image.dir\Release\vc120.pdb" /Gd /TP /analyze- /errorReport:prompt ..\..\examples\Image.cpp
         Image.cpp
       Link:
         C:\Program Files (x86)\Microsoft Visual Studio 12.0\VC\bin\link.exe /ERRORREPORT:PROMPT /OUT:"E:\Github\project-game\src\client\SFGUI-0.2.3\bin\examples\Release\Image.exe" /INCREMENTAL:NO /NOLOGO kernel32.lib user32.lib gdi32.lib winspool.lib shell32.lib ole32.lib oleaut32.lib uuid.lib comdlg32.lib advapi32.lib ..\Release\sfgui.lib "E:\SFML-master\lib\Release\sfml-graphics.lib" "E:\SFML-master\lib\Release\sfml-window.lib" "E:\SFML-master\lib\Release\sfml-system.lib" E:\cpp_game\cpp_game\lib\glew32s.lib glu32.lib opengl32.lib /MANIFEST /MANIFESTUAC:"level='asInvoker' uiAccess='false'" /manifest:embed /PDB:"E:/Github/project-game/src/client/SFGUI-0.2.3/bin/examples/Release/Image.pdb" /SUBSYSTEM:CONSOLE /TLBID:1 /DYNAMICBASE /NXCOMPAT /IMPLIB:"E:/Github/project-game/src/client/SFGUI-0.2.3/bin/examples/Release/Image.lib" /MACHINE:X86 /SAFESEH  /machine:X86 Image.dir\Release\Image.obj
         Image.vcxproj -> E:\Github\project-game\src\client\SFGUI-0.2.3\bin\examples\Release\Image.exe
       PostBuildEvent:
         setlocal
         "C:\Program Files (x86)\CMake 2.8\bin\cmake.exe" -E copy_directory E:/Github/project-game/src/client/SFGUI-0.2.3/examples/data E:/Github/project-game/src/client/SFGUI-0.2.3/bin/examples/data
         if %errorlevel% neq 0 goto :cmEnd
         :cmEnd
         endlocal & call :cmErrorLevel %errorlevel% & goto :cmDone
         :cmErrorLevel
         exit /b %1
         :cmDone
         if %errorlevel% neq 0 goto :VCEnd
         :VCEnd
     1>Done Building Project "E:\Github\project-game\src\client\SFGUI-0.2.3\bin\examples\Image.vcxproj" (Rebuild target(s)).

Build succeeded.

Time Elapsed 00:00:01.17
